Performing C++ SOURCE FILE Test HAVE_CXX_FLAG_WSHORTEN_64_TO_32 failed with the following output:
Change Dir: /home/takebe/local_repository/git_clone/fluid-engine-dev/build/temp.linux-x86_64-cpython-310/CMakeFiles/CMakeTmp

Run Build Command(s):/usr/bin/gmake -f Makefile cmTC_f8986/fast && /usr/bin/gmake  -f CMakeFiles/cmTC_f8986.dir/build.make CMakeFiles/cmTC_f8986.dir/build
gmake[1]: Entering directory '/home/takebe/local_repository/git_clone/fluid-engine-dev/build/temp.linux-x86_64-cpython-310/CMakeFiles/CMakeTmp'
Building CXX object CMakeFiles/cmTC_f8986.dir/src.cxx.o
/usr/bin/c++ -DHAVE_CXX_FLAG_WSHORTEN_64_TO_32  -DVERSION_INFO=\"1.3.3\" -fopenmp -std=c++11 -Wall -Wextra -Wshadow -pedantic -pedantic-errors  -Wshorten-64-to-32   -Wshorten-64-to-32 -o CMakeFiles/cmTC_f8986.dir/src.cxx.o -c /home/takebe/local_repository/git_clone/fluid-engine-dev/build/temp.linux-x86_64-cpython-310/CMakeFiles/CMakeTmp/src.cxx
c++: error: unrecognized command-line option '-Wshorten-64-to-32'
c++: error: unrecognized command-line option '-Wshorten-64-to-32'
gmake[1]: *** [CMakeFiles/cmTC_f8986.dir/build.make:78: CMakeFiles/cmTC_f8986.dir/src.cxx.o] Error 1
gmake[1]: Leaving directory '/home/takebe/local_repository/git_clone/fluid-engine-dev/build/temp.linux-x86_64-cpython-310/CMakeFiles/CMakeTmp'
gmake: *** [Makefile:127: cmTC_f8986/fast] Error 2


Source file was:
int main() { return 0; }
Performing C++ SOURCE FILE Test HAVE_CXX_FLAG_WD654 failed with the following output:
Change Dir: /home/takebe/local_repository/git_clone/fluid-engine-dev/build/temp.linux-x86_64-cpython-310/CMakeFiles/CMakeTmp

Run Build Command(s):/usr/bin/gmake -f Makefile cmTC_d7390/fast && /usr/bin/gmake  -f CMakeFiles/cmTC_d7390.dir/build.make CMakeFiles/cmTC_d7390.dir/build
gmake[1]: Entering directory '/home/takebe/local_repository/git_clone/fluid-engine-dev/build/temp.linux-x86_64-cpython-310/CMakeFiles/CMakeTmp'
Building CXX object CMakeFiles/cmTC_d7390.dir/src.cxx.o
/usr/bin/c++ -DHAVE_CXX_FLAG_WD654  -DVERSION_INFO=\"1.3.3\" -fopenmp -std=c++11 -Wall -Wextra -Wshadow -pedantic -pedantic-errors -Wfloat-equal -fstrict-aliasing -Wzero-as-null-pointer-constant -Wstrict-aliasing  -wd654   -wd654 -o CMakeFiles/cmTC_d7390.dir/src.cxx.o -c /home/takebe/local_repository/git_clone/fluid-engine-dev/build/temp.linux-x86_64-cpython-310/CMakeFiles/CMakeTmp/src.cxx
c++: error: unrecognized command-line option '-wd654'
c++: error: unrecognized command-line option '-wd654'
gmake[1]: *** [CMakeFiles/cmTC_d7390.dir/build.make:78: CMakeFiles/cmTC_d7390.dir/src.cxx.o] Error 1
gmake[1]: Leaving directory '/home/takebe/local_repository/git_clone/fluid-engine-dev/build/temp.linux-x86_64-cpython-310/CMakeFiles/CMakeTmp'
gmake: *** [Makefile:127: cmTC_d7390/fast] Error 2


Source file was:
int main() { return 0; }
Performing C++ SOURCE FILE Test HAVE_CXX_FLAG_WTHREAD_SAFETY failed with the following output:
Change Dir: /home/takebe/local_repository/git_clone/fluid-engine-dev/build/temp.linux-x86_64-cpython-310/CMakeFiles/CMakeTmp

Run Build Command(s):/usr/bin/gmake -f Makefile cmTC_25823/fast && /usr/bin/gmake  -f CMakeFiles/cmTC_25823.dir/build.make CMakeFiles/cmTC_25823.dir/build
gmake[1]: Entering directory '/home/takebe/local_repository/git_clone/fluid-engine-dev/build/temp.linux-x86_64-cpython-310/CMakeFiles/CMakeTmp'
Building CXX object CMakeFiles/cmTC_25823.dir/src.cxx.o
/usr/bin/c++ -DHAVE_CXX_FLAG_WTHREAD_SAFETY  -DVERSION_INFO=\"1.3.3\" -fopenmp -std=c++11 -Wall -Wextra -Wshadow -pedantic -pedantic-errors -Wfloat-equal -fstrict-aliasing -Wzero-as-null-pointer-constant -Wstrict-aliasing  -Wthread-safety   -Wthread-safety -o CMakeFiles/cmTC_25823.dir/src.cxx.o -c /home/takebe/local_repository/git_clone/fluid-engine-dev/build/temp.linux-x86_64-cpython-310/CMakeFiles/CMakeTmp/src.cxx
c++: error: unrecognized command-line option '-Wthread-safety'
c++: error: unrecognized command-line option '-Wthread-safety'
gmake[1]: *** [CMakeFiles/cmTC_25823.dir/build.make:78: CMakeFiles/cmTC_25823.dir/src.cxx.o] Error 1
gmake[1]: Leaving directory '/home/takebe/local_repository/git_clone/fluid-engine-dev/build/temp.linux-x86_64-cpython-310/CMakeFiles/CMakeTmp'
gmake: *** [Makefile:127: cmTC_25823/fast] Error 2


Source file was:
int main() { return 0; }
