Performing C++ SOURCE FILE Test HAVE_CXX_FLAG_WSHORTEN_64_TO_32 failed with the following output:
Change Dir: /home/takebe/local_repository/git_clone/fluid-engine-dev/build/CMakeFiles/CMakeTmp

Run Build Command(s):/usr/bin/gmake -f Makefile cmTC_7145b/fast && /usr/bin/gmake  -f CMakeFiles/cmTC_7145b.dir/build.make CMakeFiles/cmTC_7145b.dir/build
gmake[1]: Entering directory '/home/takebe/local_repository/git_clone/fluid-engine-dev/build/CMakeFiles/CMakeTmp'
Building CXX object CMakeFiles/cmTC_7145b.dir/src.cxx.o
/usr/bin/c++ -DHAVE_CXX_FLAG_WSHORTEN_64_TO_32  -fopenmp -std=c++11 -Wall -Wextra -Wshadow -pedantic -pedantic-errors  -Wshorten-64-to-32   -Wshorten-64-to-32 -o CMakeFiles/cmTC_7145b.dir/src.cxx.o -c /home/takebe/local_repository/git_clone/fluid-engine-dev/build/CMakeFiles/CMakeTmp/src.cxx
c++: error: unrecognized command-line option '-Wshorten-64-to-32'
c++: error: unrecognized command-line option '-Wshorten-64-to-32'
gmake[1]: *** [CMakeFiles/cmTC_7145b.dir/build.make:78: CMakeFiles/cmTC_7145b.dir/src.cxx.o] Error 1
gmake[1]: Leaving directory '/home/takebe/local_repository/git_clone/fluid-engine-dev/build/CMakeFiles/CMakeTmp'
gmake: *** [Makefile:127: cmTC_7145b/fast] Error 2


Source file was:
int main() { return 0; }
Performing C++ SOURCE FILE Test HAVE_CXX_FLAG_WD654 failed with the following output:
Change Dir: /home/takebe/local_repository/git_clone/fluid-engine-dev/build/CMakeFiles/CMakeTmp

Run Build Command(s):/usr/bin/gmake -f Makefile cmTC_e4021/fast && /usr/bin/gmake  -f CMakeFiles/cmTC_e4021.dir/build.make CMakeFiles/cmTC_e4021.dir/build
gmake[1]: Entering directory '/home/takebe/local_repository/git_clone/fluid-engine-dev/build/CMakeFiles/CMakeTmp'
Building CXX object CMakeFiles/cmTC_e4021.dir/src.cxx.o
/usr/bin/c++ -DHAVE_CXX_FLAG_WD654  -fopenmp -std=c++11 -Wall -Wextra -Wshadow -pedantic -pedantic-errors -Wfloat-equal -fstrict-aliasing -Wzero-as-null-pointer-constant -Wstrict-aliasing  -wd654   -wd654 -o CMakeFiles/cmTC_e4021.dir/src.cxx.o -c /home/takebe/local_repository/git_clone/fluid-engine-dev/build/CMakeFiles/CMakeTmp/src.cxx
c++: error: unrecognized command-line option '-wd654'
c++: error: unrecognized command-line option '-wd654'
gmake[1]: *** [CMakeFiles/cmTC_e4021.dir/build.make:78: CMakeFiles/cmTC_e4021.dir/src.cxx.o] Error 1
gmake[1]: Leaving directory '/home/takebe/local_repository/git_clone/fluid-engine-dev/build/CMakeFiles/CMakeTmp'
gmake: *** [Makefile:127: cmTC_e4021/fast] Error 2


Source file was:
int main() { return 0; }
Performing C++ SOURCE FILE Test HAVE_CXX_FLAG_WTHREAD_SAFETY failed with the following output:
Change Dir: /home/takebe/local_repository/git_clone/fluid-engine-dev/build/CMakeFiles/CMakeTmp

Run Build Command(s):/usr/bin/gmake -f Makefile cmTC_ed3ff/fast && /usr/bin/gmake  -f CMakeFiles/cmTC_ed3ff.dir/build.make CMakeFiles/cmTC_ed3ff.dir/build
gmake[1]: Entering directory '/home/takebe/local_repository/git_clone/fluid-engine-dev/build/CMakeFiles/CMakeTmp'
Building CXX object CMakeFiles/cmTC_ed3ff.dir/src.cxx.o
/usr/bin/c++ -DHAVE_CXX_FLAG_WTHREAD_SAFETY  -fopenmp -std=c++11 -Wall -Wextra -Wshadow -pedantic -pedantic-errors -Wfloat-equal -fstrict-aliasing -Wzero-as-null-pointer-constant -Wstrict-aliasing  -Wthread-safety   -Wthread-safety -o CMakeFiles/cmTC_ed3ff.dir/src.cxx.o -c /home/takebe/local_repository/git_clone/fluid-engine-dev/build/CMakeFiles/CMakeTmp/src.cxx
c++: error: unrecognized command-line option '-Wthread-safety'
c++: error: unrecognized command-line option '-Wthread-safety'
gmake[1]: *** [CMakeFiles/cmTC_ed3ff.dir/build.make:78: CMakeFiles/cmTC_ed3ff.dir/src.cxx.o] Error 1
gmake[1]: Leaving directory '/home/takebe/local_repository/git_clone/fluid-engine-dev/build/CMakeFiles/CMakeTmp'
gmake: *** [Makefile:127: cmTC_ed3ff/fast] Error 2


Source file was:
int main() { return 0; }
